#
# There is insufficient memory for the Java Runtime Environment to continue.
# Native memory allocation (mmap) failed to map 134217728 bytes for G1 virtual space
# Possible reasons:
#   The system is out of physical RAM or swap space
#   The process is running with CompressedOops enabled, and the Java Heap may be blocking the growth of the native heap
# Possible solutions:
#   Reduce memory load on the system
#   Increase physical memory or swap space
#   Check if swap backing store is full
#   Decrease Java heap size (-Xmx/-Xms)
#   Decrease number of Java threads
#   Decrease Java thread stack sizes (-Xss)
#   Set larger code cache with -XX:ReservedCodeCacheSize=
#   JVM is running with Unscaled Compressed Oops mode in which the Java heap is
#     placed in the first 4GB address space. The Java Heap base address is the
#     maximum limit for the native heap growth. Please use -XX:HeapBaseMinAddress
#     to set the Java Heap base and to place the Java Heap above 4GB virtual address.
# This output file may be truncated or incomplete.
#
#  Out of Memory Error (os_windows.cpp:3528), pid=39144, tid=41500
#
# JRE version:  (20.0+36) (build )
# Java VM: Java HotSpot(TM) 64-Bit Server VM (20+36-2344, mixed mode, sharing, tiered, compressed oops, compressed class ptrs, g1 gc, windows-amd64)
# No core dump will be written. Minidumps are not enabled by default on client versions of Windows
#

---------------  S U M M A R Y ------------

Command Line: -Dfile.encoding=UTF-8 --module-path=C:\Users\user\Desktop\clone\A3gestaonutricional\DentrodoApp\build\classes AppIniciar.InicioApp

Host: Intel(R) Core(TM) i5-2500 CPU @ 3.30GHz, 4 cores, 7G,  Windows 10 , 64 bit Build 19041 (10.0.19041.2913)
Time: Mon May 22 11:54:39 2023 Hora oficial do Brasil elapsed time: 0.812715 seconds (0d 0h 0m 0s)

---------------  T H R E A D  ---------------

Current thread (0x000001b8657964f0):  JavaThread "Unknown thread" [_thread_in_vm, id=41500, stack(0x0000001657c00000,0x0000001657d00000)]

Stack: [0x0000001657c00000,0x0000001657d00000]
Native frames: (J=compiled Java code, j=interpreted, Vv=VM code, C=native code)
V  [jvm.dll+0x6bb95a]
V  [jvm.dll+0x8483aa]
V  [jvm.dll+0x849fa5]
V  [jvm.dll+0x84a6a3]
V  [jvm.dll+0x280b0f]
V  [jvm.dll+0x6b86e9]
V  [jvm.dll+0x6ad2da]
V  [jvm.dll+0x35adf5]
V  [jvm.dll+0x363016]
V  [jvm.dll+0x3b3b3e]
V  [jvm.dll+0x3b3dc5]
V  [jvm.dll+0x32b50a]
V  [jvm.dll+0x32c32b]
V  [jvm.dll+0x81106f]
V  [jvm.dll+0x3c0d91]
V  [jvm.dll+0x7fcd93]
V  [jvm.dll+0x44c76f]
V  [jvm.dll+0x44e0e1]
C  [jli.dll+0x5287]
C  [ucrtbase.dll+0x21bb2]
C  [KERNEL32.DLL+0x17614]
C  [ntdll.dll+0x526a1]


---------------  P R O C E S S  ---------------

Threads class SMR info:
_java_thread_list=0x00007ffe24b3a098, length=0, elements={
}

Java Threads: ( => current thread )

Other Threads:
  0x000001b8657f8100 WorkerThread "GC Thread#0" [stack: 0x0000001657d00000,0x0000001657e00000] [id=41188]
  0x000001b865809e30 ConcurrentGCThread "G1 Main Marker" [stack: 0x0000001657e00000,0x0000001657f00000] [id=38088]
  0x000001b86580a770 WorkerThread "G1 Conc#0" [stack: 0x0000001657f00000,0x0000001658000000] [id=9748]

[error occurred during error reporting (printing all threads), id 0xc0000005, EXCEPTION_ACCESS_VIOLATION (0xc0000005) at pc=0x00007ffe2431eb47]
VM state: not at safepoint (not fully initialized)

VM Mutex/Monitor currently owned by a thread:  ([mutex/lock_event])
[0x000001b8657927e0] Heap_lock - owner thread: 0x000001b8657964f0

Heap address: 0x0000000080800000, size: 2040 MB, Compressed Oops mode: 32-bit

CDS archive(s) mapped at: [0x0000000000000000-0x0000000000000000-0x0000000000000000), size 0, SharedBaseAddress: 0x0000000800000000, ArchiveRelocationMode: 0.
Narrow klass base: 0x0000000000000000, Narrow klass shift: 0, Narrow klass range: 0x0

GC Precious Log:
 CardTable entry size: 512
 Card Set container configuration: InlinePtr #cards 5 size 8 Array Of Cards #cards 12 size 40 Howl #buckets 4 coarsen threshold 1843 Howl Bitmap #cards 512 size 80 coarsen threshold 460 Card regions per heap region 1 cards per card region 2048

Heap:
 garbage-first heap   total 0K, used 0K [0x0000000080800000, 0x0000000100000000)
  region size 1024K, 0 young (0K), 0 survivors (0K)

[error occurred during error reporting (printing heap information), id 0xc0000005, EXCEPTION_ACCESS_VIOLATION (0xc0000005) at pc=0x00007ffe246f3c59]
GC Heap History (0 events):
No events

Dll operation events (1 events):
Event: 0.341 Loaded shared library C:\Program Files\Java\jdk-20\bin\java.dll

Deoptimization events (0 events):
No events

Classes loaded (0 events):
No events

Classes unloaded (0 events):
No events

Classes redefined (0 events):
No events

Internal exceptions (0 events):
No events

VM Operations (0 events):
No events

Events (0 events):
No events


Dynamic libraries:
0x00007ff61af40000 - 0x00007ff61af50000 	C:\Program Files\Java\jdk-20\bin\java.exe
0x00007ffe7a490000 - 0x00007ffe7a688000 	C:\WINDOWS\SYSTEM32\ntdll.dll
0x00007ffe79ff0000 - 0x00007ffe7a0af000 	C:\WINDOWS\System32\KERNEL32.DLL
0x00007ffe77ff0000 - 0x00007ffe782e6000 	C:\WINDOWS\System32\KERNELBASE.dll
0x00007ffe77ef0000 - 0x00007ffe77ff0000 	C:\WINDOWS\System32\ucrtbase.dll
0x00007ffe73760000 - 0x00007ffe73779000 	C:\Program Files\Java\jdk-20\bin\jli.dll
0x00007ffe79320000 - 0x00007ffe793cf000 	C:\WINDOWS\System32\ADVAPI32.dll
0x00007ffe78a10000 - 0x00007ffe78aae000 	C:\WINDOWS\System32\msvcrt.dll
0x00007ffe79f50000 - 0x00007ffe79fec000 	C:\WINDOWS\System32\sechost.dll
0x00007ffe7a1e0000 - 0x00007ffe7a306000 	C:\WINDOWS\System32\RPCRT4.dll
0x00007ffe79660000 - 0x00007ffe797fd000 	C:\WINDOWS\System32\USER32.dll
0x00007ffe77e70000 - 0x00007ffe77e92000 	C:\WINDOWS\System32\win32u.dll
0x00007ffe78ab0000 - 0x00007ffe78adc000 	C:\WINDOWS\System32\GDI32.dll
0x00007ffe77cc0000 - 0x00007ffe77dd5000 	C:\WINDOWS\System32\gdi32full.dll
0x00007ffe77b70000 - 0x00007ffe77c0d000 	C:\WINDOWS\System32\msvcp_win.dll
0x00007ffe64370000 - 0x00007ffe6438b000 	C:\Program Files\Java\jdk-20\bin\VCRUNTIME140.dll
0x00007ffe672b0000 - 0x00007ffe6754a000 	C:\WINDOWS\WinSxS\amd64_microsoft.windows.common-controls_6595b64144ccf1df_6.0.19041.1110_none_60b5254171f9507e\COMCTL32.dll
0x00007ffe71780000 - 0x00007ffe7178a000 	C:\WINDOWS\SYSTEM32\VERSION.dll
0x00007ffe7a420000 - 0x00007ffe7a450000 	C:\WINDOWS\System32\IMM32.DLL
0x00007ffe737b0000 - 0x00007ffe737bc000 	C:\Program Files\Java\jdk-20\bin\vcruntime140_1.dll
0x00007ffe43380000 - 0x00007ffe4340e000 	C:\Program Files\Java\jdk-20\bin\msvcp140.dll
0x00007ffe23fe0000 - 0x00007ffe24c77000 	C:\Program Files\Java\jdk-20\bin\server\jvm.dll
0x00007ffe4bc60000 - 0x00007ffe4bc69000 	C:\WINDOWS\SYSTEM32\WSOCK32.dll
0x00007ffe78850000 - 0x00007ffe788bb000 	C:\WINDOWS\System32\WS2_32.dll
0x00007ffe70140000 - 0x00007ffe70167000 	C:\WINDOWS\SYSTEM32\WINMM.dll
0x00007ffe75a50000 - 0x00007ffe75a62000 	C:\WINDOWS\SYSTEM32\kernel.appcore.dll
0x00007ffe736d0000 - 0x00007ffe736da000 	C:\Program Files\Java\jdk-20\bin\jimage.dll
0x00007ffe6da10000 - 0x00007ffe6dbf4000 	C:\WINDOWS\SYSTEM32\DBGHELP.DLL
0x00007ffe671c0000 - 0x00007ffe671f4000 	C:\WINDOWS\SYSTEM32\dbgcore.DLL
0x00007ffe77de0000 - 0x00007ffe77e62000 	C:\WINDOWS\System32\bcryptPrimitives.dll
0x00007ffe5b7f0000 - 0x00007ffe5b816000 	C:\Program Files\Java\jdk-20\bin\java.dll

dbghelp: loaded successfully - version: 4.0.5 - missing functions: none
symbol engine: initialized successfully - sym options: 0x614 - pdb path: .;C:\Program Files\Java\jdk-20\bin;C:\WINDOWS\SYSTEM32;C:\WINDOWS\WinSxS\amd64_microsoft.windows.common-controls_6595b64144ccf1df_6.0.19041.1110_none_60b5254171f9507e;C:\Program Files\Java\jdk-20\bin\server

VM Arguments:
jvm_args: -Dfile.encoding=UTF-8 --module-path=C:\Users\user\Desktop\clone\A3gestaonutricional\DentrodoApp\build\classes 
java_command: AppIniciar.InicioApp
java_class_path (initial): C:\Users\user\Desktop\clone\A3gestaonutricional\DentrodoApp\build\classes
Launcher Type: SUN_STANDARD

[Global flags]
     intx CICompilerCount                          = 3                                         {product} {ergonomic}
     uint ConcGCThreads                            = 1                                         {product} {ergonomic}
     uint G1ConcRefinementThreads                  = 4                                         {product} {ergonomic}
   size_t G1HeapRegionSize                         = 1048576                                   {product} {ergonomic}
    uintx GCDrainStackTargetSize                   = 64                                        {product} {ergonomic}
   size_t InitialHeapSize                          = 134217728                                 {product} {ergonomic}
   size_t MarkStackSize                            = 4194304                                   {product} {ergonomic}
   size_t MaxHeapSize                              = 2139095040                                {product} {ergonomic}
   size_t MinHeapDeltaBytes                        = 1048576                                   {product} {ergonomic}
   size_t MinHeapSize                              = 8388608                                   {product} {ergonomic}
    uintx NonNMethodCodeHeapSize                   = 5832780                                {pd product} {ergonomic}
    uintx NonProfiledCodeHeapSize                  = 122912730                              {pd product} {ergonomic}
    uintx ProfiledCodeHeapSize                     = 122912730                              {pd product} {ergonomic}
    uintx ReservedCodeCacheSize                    = 251658240                              {pd product} {ergonomic}
     bool SegmentedCodeCache                       = true                                      {product} {ergonomic}
   size_t SoftMaxHeapSize                          = 2139095040                             {manageable} {ergonomic}
     bool UseCompressedClassPointers               = true                           {product lp64_product} {ergonomic}
     bool UseCompressedOops                        = true                           {product lp64_product} {ergonomic}
     bool UseG1GC                                  = true                                      {product} {ergonomic}
     bool UseLargePagesIndividualAllocation        = false                                  {pd product} {ergonomic}

Logging:
Log output configuration:
 #0: stdout all=warning uptime,level,tags foldmultilines=false
 #1: stderr all=off uptime,level,tags foldmultilines=false

Environment Variables:
PATH=C:\Program Files\Common Files\Oracle\Java\javapath;C:\Program Files (x86)\Common Files\Oracle\Java\javapath;C:\Windows\system32;C:\Windows;C:\Windows\System32\Wbem;C:\Windows\System32\WindowsPowerShell\v1.0\;C:\Windows\System32\OpenSSH\;C:\Program Files (x86)\NVIDIA Corporation\PhysX\Common;C:\WINDOWS\system32;C:\WINDOWS;C:\WINDOWS\System32\Wbem;C:\WINDOWS\System32\WindowsPowerShell\v1.0\;C:\WINDOWS\System32\OpenSSH\;C:\Program Files\NVIDIA Corporation\NVIDIA NvDLISR;C:\Program Files\Git\cmd;C:\Users\user\AppData\Local\Microsoft\WindowsApps;C:\ProgramData\user\GitHubDesktop\bin;C:\Users\user\AppData\Local\Programs\Microsoft VS Code\bin
USERNAME=user
OS=Windows_NT
PROCESSOR_IDENTIFIER=Intel64 Family 6 Model 42 Stepping 7, GenuineIntel
TMP=C:\Users\user\AppData\Local\Temp
TEMP=C:\Users\user\AppData\Local\Temp




---------------  S Y S T E M  ---------------

OS:
 Windows 10 , 64 bit Build 19041 (10.0.19041.2913)
OS uptime: 1 days 1:45 hours

CPU: total 4 (initial active 4) (4 cores per cpu, 1 threads per core) family 6 model 42 stepping 7 microcode 0x2f, cx8, cmov, fxsr, mmx, sse, sse2, sse3, ssse3, sse4.1, sse4.2, popcnt, tsc, tscinvbit, avx, aes, clmul, vzeroupper, clflush, rdtscp

Memory: 4k page, system-wide physical 8152M (2256M free)
TotalPageFile size 32728M (AvailPageFile size 8M)
current process WorkingSet (physical memory assigned to process): 10M, peak: 10M
current process commit charge ("private bytes"): 51M, peak: 179M

vm_info: Java HotSpot(TM) 64-Bit Server VM (20+36-2344) for windows-amd64 JRE (20+36-2344), built on 2023-02-10T19:30:15Z by "mach5one" with MS VC++ 17.1 (VS2022)

END.
